<?xml version="1.0" encoding="UTF-8"?>
<!-- Generated by org.testng.reporters.JUnitReportReporter -->
<testsuite hostname="CBT-034" name="jenkinpackage.Test1" tests="1" failures="0" timestamp="6 Aug 2016 09:54:33 GMT" time="17.218" errors="0">
  <testcase name="TestA" time="17.218" classname="jenkinpackage.Test1"/>
</testsuite> <!-- jenkinpackage.Test1 -->
