<?xml version="1.0" encoding="UTF-8"?>
<!-- Generated by org.testng.reporters.JUnitReportReporter -->
<testsuite hostname="CBT-034" name="jenkinpackage.Test1" tests="2" failures="0" timestamp="13 Aug 2016 12:53:02 GMT" time="30.283" errors="0">
  <testcase name="TestA" time="15.919" classname="jenkinpackage.Test1"/>
  <testcase name="TestB" time="14.364" classname="jenkinpackage.Test1"/>
</testsuite> <!-- jenkinpackage.Test1 -->
